This is pdfTeX, Version 3.14159265-2.6-1.40.19 (MiKTeX 2.9.6840 64-bit) (preloaded format=pdflatex 2018.11.20)  27 JAN 2020 21:49
entering extended mode
**./ex1.tex
(ex1.tex
LaTeX2e <2018-04-01> patch level 5
(D:\ProgramFiles\MikTeX\tex\latex\base\article.cls
Document Class: article 2014/09/29 v1.4h Standard LaTeX document class
(D:\ProgramFiles\MikTeX\tex\latex\base\size10.clo
File: size10.clo 2014/09/29 v1.4h Standard LaTeX file (size option)
)
\c@part=\count80
\c@section=\count81
\c@subsection=\count82
\c@subsubsection=\count83
\c@paragraph=\count84
\c@subparagraph=\count85
\c@figure=\count86
\c@table=\count87
\abovecaptionskip=\skip41
\belowcaptionskip=\skip42
\bibindent=\dimen102
) (ex1.aux)
\openout1 = `ex1.aux'.

LaTeX Font Info:    Checking defaults for OML/cmm/m/it on input line 5.
LaTeX Font Info:    ... okay on input line 5.
LaTeX Font Info:    Checking defaults for T1/cmr/m/n on input line 5.
LaTeX Font Info:    ... okay on input line 5.
LaTeX Font Info:    Checking defaults for OT1/cmr/m/n on input line 5.
LaTeX Font Info:    ... okay on input line 5.
LaTeX Font Info:    Checking defaults for OMS/cmsy/m/n on input line 5.
LaTeX Font Info:    ... okay on input line 5.
LaTeX Font Info:    Checking defaults for OMX/cmex/m/n on input line 5.
LaTeX Font Info:    ... okay on input line 5.
LaTeX Font Info:    Checking defaults for U/cmr/m/n on input line 5.
LaTeX Font Info:    ... okay on input line 5.
LaTeX Font Info:    External font `cmex10' loaded for size
(Font)              <12> on input line 6.
LaTeX Font Info:    External font `cmex10' loaded for size
(Font)              <8> on input line 6.
LaTeX Font Info:    External font `cmex10' loaded for size
(Font)              <6> on input line 6.

Underfull \hbox (badness 10000) in paragraph at lines 20--23

 []


Underfull \hbox (badness 10000) in paragraph at lines 29--31

 []

[1

{C:/Users/Sebastian/AppData/Local/MiKTeX/2.9/pdftex/config/pdftex.map}]
[2] (ex1.aux) ) 
Here is how much of TeX's memory you used:
 236 strings out of 492970
 2629 string characters out of 3138077
 61741 words of memory out of 3000000
 4182 multiletter control sequences out of 15000+200000
 8594 words of font info for 30 fonts, out of 3000000 for 9000
 1141 hyphenation exceptions out of 8191
 23i,6n,18p,325b,187s stack positions out of 5000i,500n,10000p,200000b,50000s
<D:/ProgramFiles/MikTeX/fonts/type1/public/amsfonts/cm/cmbx10.pf
b><D:/ProgramFiles/MikTeX/fonts/type1/public/amsfonts/cm/cmbx12.pfb><D:/Program
Files/MikTeX/fonts/type1/public/amsfonts/cm/cmr10.pfb><D:/ProgramFiles/MikTeX/f
onts/type1/public/amsfonts/cm/cmr12.pfb><D:/ProgramFiles/MikTeX/fonts/type1/pub
lic/amsfonts/cm/cmr17.pfb><D:/ProgramFiles/MikTeX/fonts/type1/public/amsfonts/c
m/cmsl10.pfb><D:/ProgramFiles/MikTeX/fonts/type1/public/amsfonts/cm/cmti10.pfb>

Output written on ex1.pdf (2 pages, 88977 bytes).
PDF statistics:
 37 PDF objects out of 1000 (max. 8388607)
 0 named destinations out of 1000 (max. 500000)
 1 words of extra memory for PDF output out of 10000 (max. 10000000)

